#
# A fatal error has been detected by the Java Runtime Environment:
#
#  SIGSEGV (0xb) at pc=0x000000000003e82e, pid=22296, tid=140490545346304
#
# JRE version: OpenJDK Runtime Environment (7.0_75-b13) (build 1.7.0_75-b13)
# Java VM: OpenJDK 64-Bit Server VM (24.75-b04 mixed mode linux-amd64 compressed oops)
# Derivative: IcedTea 2.5.4
# Distribution: Ubuntu 14.04 LTS, package 7u75-2.5.4-1~trusty1
# Problematic frame:
# C  0x000000000003e82e
#
# Failed to write core dump. Core dumps have been disabled. To enable core dumping, try "ulimit -c unlimited" before starting Java again
#
# If you would like to submit a bug report, please include
# instructions on how to reproduce the bug and visit:
#   http://icedtea.classpath.org/bugzilla
# The crash happened outside the Java Virtual Machine in native code.
# See problematic frame for where to report the bug.
#

---------------  T H R E A D  ---------------

Current thread (0x00007fc67800a800):  JavaThread "main" [_thread_in_native, id=22300, stack(0x00007fc680fcb000,0x00007fc6810cc000)]

siginfo:si_signo=SIGSEGV: si_errno=0, si_code=1 (SEGV_MAPERR), si_addr=0x000000000003e82e

Registers:
RAX=0x0000000000000000, RBX=0x00007fc67800a9d8, RCX=0x00000000ece20801, RDX=0x00007fc68029ae40
RSP=0x00007fc6810ca808, RBP=0x00007fc6810ca890, RSI=0x00007fc6810ca810, RDI=0x00007fc67800a9d8
R8 =0x00000000ece204e0, R9 =0x00000000ece20850, R10=0x00007fc6750c769e, R11=0x00000000ece208b0
R12=0x0000000000000000, R13=0x0000000000000031, R14=0x00007fc6810ca880, R15=0x00007fc67800a800
RIP=0x000000000003e82e, EFLAGS=0x0000000000010202, CSGSFS=0x0000000000000033, ERR=0x0000000000000014
  TRAPNO=0x000000000000000e

Top of Stack: (sp=0x00007fc6810ca808)
0x00007fc6810ca808:   00007fc637bd8cb7 00007fc600010004
0x00007fc6810ca818:   00007fc67fd7ce2f 000000000000003c
0x00007fc6810ca828:   00007fc67800a800 00007fc678007d40
0x00007fc6810ca838:   00000000ece20850 00007fc6810ca8d0
0x00007fc6810ca848:   00007fc6750c770c 0000000000000000
0x00007fc6810ca858:   00007fc6810ca8d0 0000000000000000
0x00007fc6810ca868:   0000000000000031 00007fc6810ca800
0x00007fc6810ca878:   00007fc67800a800 00000000c3c00000
0x00007fc6810ca888:   00007fc67505ec88 00000000ece20850
0x00007fc6810ca898:   00007fc6750fdfdc 00000000ece20850
0x00007fc6810ca8a8:   00000000ece208b0 0000000000000000
0x00007fc6810ca8b8:   0000000000000003 0000000000000001
0x00007fc6810ca8c8:   00007fc67800a800 0000007b17a8df09
0x00007fc6810ca8d8:   00007fc67fc7c4d3 0000000054d3a7d2
0x00007fc6810ca8e8:   0000000000087fcc 00000000c3c003f8
0x00007fc6810ca8f8:   00007fc675108934 00000000ece20288
0x00007fc6810ca908:   00000000b9ea3850 0000000000000001
0x00007fc6810ca918:   0000000000000000 0000000000000000
0x00007fc6810ca928:   0000000000000000 00007fc6810ca990
0x00007fc6810ca938:   00007fc675006058 00007fc675006058
0x00007fc6810ca948:   00000000ece20288 00007fc6810ca950
0x00007fc6810ca958:   00000000b98ddbf1 00007fc6810ca9a8
0x00007fc6810ca968:   00000000b98e1d30 00000000b9ea3468
0x00007fc6810ca978:   00000000b98ddc48 00007fc6810ca948
0x00007fc6810ca988:   00007fc6810ca9a8 00007fc6810ca9f0
0x00007fc6810ca998:   00007fc675006058 0000000000000000
0x00007fc6810ca9a8:   00000000ece20288 00007fc6810ca9b0
0x00007fc6810ca9b8:   00000000b98ae2eb 00007fc6810caa08
0x00007fc6810ca9c8:   00000000b98d3da8 0000000000000000
0x00007fc6810ca9d8:   00000000b98ae318 00007fc6810ca9a8
0x00007fc6810ca9e8:   00007fc6810caa08 00007fc6810caa70
0x00007fc6810ca9f8:   00007fc6750004e7 00000000ece20288 

Instructions: (pc=0x000000000003e82e)
0x000000000003e80e:   
[error occurred during error reporting (printing registers, top of stack, instructions near pc), id 0xb]

Register to memory mapping:

RAX=0x0000000000000000 is an unknown value
RBX=0x00007fc67800a9d8 is an unknown value
RCX=0x00000000ece20801 is an unknown value
RDX=0x00007fc68029ae40: <offset 0xde3e40> in /usr/lib/jvm/java-7-openjdk-amd64/jre/lib/amd64/server/libjvm.so at 0x00007fc67f4b7000
RSP=0x00007fc6810ca808 is pointing into the stack for thread: 0x00007fc67800a800
RBP=0x00007fc6810ca890 is pointing into the stack for thread: 0x00007fc67800a800
RSI=0x00007fc6810ca810 is pointing into the stack for thread: 0x00007fc67800a800
RDI=0x00007fc67800a9d8 is an unknown value
R8 =0x00000000ece204e0 is an oop
java.lang.ThreadLocal$ThreadLocalMap 
 - klass: 'java/lang/ThreadLocal$ThreadLocalMap'
R9 =0x00000000ece20850 is an oop
org.lwjgl.opengl.ContextGL 
 - klass: 'org/lwjgl/opengl/ContextGL'
R10=0x00007fc6750c769e is at entry_point+62 in (nmethod*)0x00007fc6750c74d0
R11=0x00000000ece208b0 is an oop
org.lwjgl.opengl.LinuxDisplayPeerInfo 
 - klass: 'org/lwjgl/opengl/LinuxDisplayPeerInfo'
R12=0x0000000000000000 is an unknown value
R13=0x0000000000000031 is an unknown value
R14=0x00007fc6810ca880 is pointing into the stack for thread: 0x00007fc67800a800
R15=0x00007fc67800a800 is a thread


Stack: [0x00007fc680fcb000,0x00007fc6810cc000],  sp=0x00007fc6810ca808,  free space=1022k
Native frames: (J=compiled Java code, j=interpreted, Vv=VM code, C=native code)
C  0x000000000003e82e

Java frames: (J=compiled Java code, j=interpreted, Vv=VM code)
J 125  org.lwjgl.opengl.LinuxDisplay.nLockAWT()V (0 bytes) @ 0x00007fc6750c769e [0x00007fc6750c7660+0x3e]
J 202 C2 org.lwjgl.opengl.Display.update()V (5 bytes) @ 0x00007fc6750fdfdc [0x00007fc6750fde80+0x15c]
J 224 C2 org.newdawn.slick.AppGameContainer.gameLoop()V (81 bytes) @ 0x00007fc675108934 [0x00007fc6751087c0+0x174]
j  org.newdawn.slick.AppGameContainer.start()V+17
j  com.jackrl.bomberguygame.game.Game.main([Ljava/lang/String;)V+51
v  ~StubRoutines::call_stub

---------------  P R O C E S S  ---------------

Java Threads: ( => current thread )
  0x00007fc678a30000 JavaThread "Thread-2" daemon [_thread_blocked, id=22320, stack(0x00007fc63c035000,0x00007fc63c136000)]
  0x00007fc678220800 JavaThread "AWT-XAWT" daemon [_thread_in_native, id=22314, stack(0x00007fc6640b7000,0x00007fc6641b8000)]
  0x00007fc6781fc800 JavaThread "Java2D Disposer" daemon [_thread_blocked, id=22313, stack(0x00007fc6740ca000,0x00007fc6741cb000)]
  0x00007fc6780ae800 JavaThread "Service Thread" daemon [_thread_blocked, id=22311, stack(0x00007fc6742cc000,0x00007fc6743cd000)]
  0x00007fc6780ac800 JavaThread "C2 CompilerThread1" daemon [_thread_blocked, id=22310, stack(0x00007fc6743cd000,0x00007fc6744ce000)]
  0x00007fc6780a9800 JavaThread "C2 CompilerThread0" daemon [_thread_blocked, id=22309, stack(0x00007fc6744ce000,0x00007fc6745cf000)]
  0x00007fc6780a7800 JavaThread "Signal Dispatcher" daemon [_thread_blocked, id=22308, stack(0x00007fc6745cf000,0x00007fc6746d0000)]
  0x00007fc67807c800 JavaThread "Finalizer" daemon [_thread_blocked, id=22307, stack(0x00007fc674bfc000,0x00007fc674cfd000)]
  0x00007fc67807a800 JavaThread "Reference Handler" daemon [_thread_blocked, id=22306, stack(0x00007fc674cfd000,0x00007fc674dfe000)]
=>0x00007fc67800a800 JavaThread "main" [_thread_in_native, id=22300, stack(0x00007fc680fcb000,0x00007fc6810cc000)]

Other Threads:
  0x00007fc678076000 VMThread [stack: 0x00007fc674dfe000,0x00007fc674eff000] [id=22305]
  0x00007fc6780b9800 WatcherThread [stack: 0x00007fc6741cb000,0x00007fc6742cc000] [id=22312]

VM state:not at safepoint (normal execution)

VM Mutex/Monitor currently owned by a thread: None

Heap
 PSYoungGen      total 18432K, used 4342K [0x00000000ebe80000, 0x00000000ed300000, 0x0000000100000000)
  eden space 15872K, 11% used [0x00000000ebe80000,0x00000000ec054740,0x00000000ece00000)
  from space 2560K, 96% used [0x00000000ece00000,0x00000000ed0692d0,0x00000000ed080000)
  to   space 2560K, 0% used [0x00000000ed080000,0x00000000ed080000,0x00000000ed300000)
 ParOldGen       total 40960K, used 8K [0x00000000c3c00000, 0x00000000c6400000, 0x00000000ebe80000)
  object space 40960K, 0% used [0x00000000c3c00000,0x00000000c3c02000,0x00000000c6400000)
 PSPermGen       total 21504K, used 8872K [0x00000000b9600000, 0x00000000bab00000, 0x00000000c3c00000)
  object space 21504K, 41% used [0x00000000b9600000,0x00000000b9eaa3f0,0x00000000bab00000)

Card table byte_map: [0x00007fc67d9d4000,0x00007fc67dc0a000] byte_map_base: 0x00007fc67d409000

Polling page: 0x00007fc6810e8000

Code Cache  [0x00007fc675000000, 0x00007fc675270000, 0x00007fc678000000)
 total_blobs=727 nmethods=239 adapters=442 free_code_cache=48014Kb largest_free_block=49107776

Compilation events (10 events):
Event: 168.707 Thread 0x00007fc6780ac800 nmethod 235 0x00007fc6751133d0 code [0x00007fc675113a40, 0x00007fc675116a90]
Event: 168.707 Thread 0x00007fc6780ac800  236             org.newdawn.slick.state.StateBasedGame::preUpdateState (1 bytes)
Event: 168.707 Thread 0x00007fc6780ac800 nmethod 236 0x00007fc675104b10 code [0x00007fc675104c40, 0x00007fc675104c98]
Event: 168.707 Thread 0x00007fc6780ac800  237             org.newdawn.slick.state.StateBasedGame::postUpdateState (1 bytes)
Event: 168.707 Thread 0x00007fc6780ac800 nmethod 237 0x00007fc675104910 code [0x00007fc675104a40, 0x00007fc675104a98]
Event: 168.801 Thread 0x00007fc6780a9800 nmethod 226 0x00007fc675120090 code [0x00007fc675120800, 0x00007fc6751242b8]
Event: 244.534 Thread 0x00007fc6780ac800  238 % !         org.newdawn.slick.AppGameContainer::start @ 9 (49 bytes)
Event: 244.539 Thread 0x00007fc6780ac800 nmethod 238% 0x00007fc67510db50 code [0x00007fc67510dcc0, 0x00007fc67510ddf0]
Event: 248.083 Thread 0x00007fc6780a9800  239             sun.awt.X11.XToolkit::getDisplay (4 bytes)
Event: 248.084 Thread 0x00007fc6780a9800 nmethod 239 0x00007fc675104710 code [0x00007fc675104840, 0x00007fc675104898]

GC Heap History (2 events):
Event: 165.150 GC heap before
{Heap before GC invocations=1 (full 0):
 PSYoungGen      total 18432K, used 15872K [0x00000000ebe80000, 0x00000000ed300000, 0x0000000100000000)
  eden space 15872K, 100% used [0x00000000ebe80000,0x00000000ece00000,0x00000000ece00000)
  from space 2560K, 0% used [0x00000000ed080000,0x00000000ed080000,0x00000000ed300000)
  to   space 2560K, 0% used [0x00000000ece00000,0x00000000ece00000,0x00000000ed080000)
 ParOldGen       total 40960K, used 0K [0x00000000c3c00000, 0x00000000c6400000, 0x00000000ebe80000)
  object space 40960K, 0% used [0x00000000c3c00000,0x00000000c3c00000,0x00000000c6400000)
 PSPermGen       total 21504K, used 8863K [0x00000000b9600000, 0x00000000bab00000, 0x00000000c3c00000)
  object space 21504K, 41% used [0x00000000b9600000,0x00000000b9ea7fc8,0x00000000bab00000)
Event: 165.161 GC heap after
Heap after GC invocations=1 (full 0):
 PSYoungGen      total 18432K, used 2468K [0x00000000ebe80000, 0x00000000ed300000, 0x0000000100000000)
  eden space 15872K, 0% used [0x00000000ebe80000,0x00000000ebe80000,0x00000000ece00000)
  from space 2560K, 96% used [0x00000000ece00000,0x00000000ed0692d0,0x00000000ed080000)
  to   space 2560K, 0% used [0x00000000ed080000,0x00000000ed080000,0x00000000ed300000)
 ParOldGen       total 40960K, used 8K [0x00000000c3c00000, 0x00000000c6400000, 0x00000000ebe80000)
  object space 40960K, 0% used [0x00000000c3c00000,0x00000000c3c02000,0x00000000c6400000)
 PSPermGen       total 21504K, used 8863K [0x00000000b9600000, 0x00000000bab00000, 0x00000000c3c00000)
  object space 21504K, 41% used [0x00000000b9600000,0x00000000b9ea7fc8,0x00000000bab00000)
}

Deoptimization events (1 events):
Event: 60.382 Thread 0x00007fc678233800 Uncommon trap: reason=unreached action=reinterpret pc=0x00007fc6750c5374 method=java.util.concurrent.locks.AbstractQueuedSynchronizer.release(I)Z @ 14

Internal exceptions (10 events):
Event: 165.169 Thread 0x00007fc678a30000 Threw 0x00000000ebef4d48 at /build/buildd/openjdk-7-7u75-2.5.4/build/openjdk/hotspot/src/share/vm/prims/jni.cpp:721
Event: 165.169 Thread 0x00007fc678a30000 Threw 0x00000000ebef4ec8 at /build/buildd/openjdk-7-7u75-2.5.4/build/openjdk/hotspot/src/share/vm/prims/jni.cpp:721
Event: 165.169 Thread 0x00007fc678a30000 Threw 0x00000000ebef5048 at /build/buildd/openjdk-7-7u75-2.5.4/build/openjdk/hotspot/src/share/vm/prims/jni.cpp:721
Event: 165.169 Thread 0x00007fc678a30000 Threw 0x00000000ebef51c8 at /build/buildd/openjdk-7-7u75-2.5.4/build/openjdk/hotspot/src/share/vm/prims/jni.cpp:721
Event: 165.169 Thread 0x00007fc678a30000 Threw 0x00000000ebef5348 at /build/buildd/openjdk-7-7u75-2.5.4/build/openjdk/hotspot/src/share/vm/prims/jni.cpp:721
Event: 165.169 Thread 0x00007fc678a30000 Threw 0x00000000ebef54c8 at /build/buildd/openjdk-7-7u75-2.5.4/build/openjdk/hotspot/src/share/vm/prims/jni.cpp:721
Event: 165.169 Thread 0x00007fc678a30000 Threw 0x00000000ebef5648 at /build/buildd/openjdk-7-7u75-2.5.4/build/openjdk/hotspot/src/share/vm/prims/jni.cpp:721
Event: 165.169 Thread 0x00007fc678a30000 Threw 0x00000000ebef57c8 at /build/buildd/openjdk-7-7u75-2.5.4/build/openjdk/hotspot/src/share/vm/prims/jni.cpp:721
Event: 165.169 Thread 0x00007fc678a30000 Threw 0x00000000ebef5948 at /build/buildd/openjdk-7-7u75-2.5.4/build/openjdk/hotspot/src/share/vm/prims/jni.cpp:721
Event: 165.169 Thread 0x00007fc678a30000 Threw 0x00000000ebef5ac8 at /build/buildd/openjdk-7-7u75-2.5.4/build/openjdk/hotspot/src/share/vm/prims/jni.cpp:721

Events (10 events):
Event: 60.382 Thread 0x00007fc678233800 Uncommon trap: trap_request=0xffffffad fr.pc=0x00007fc6750c5374
Event: 60.382 Thread 0x00007fc678233800 DEOPT PACKING pc=0x00007fc6750c5374 sp=0x00007fc6740c8830
Event: 60.382 Thread 0x00007fc678233800 DEOPT UNPACKING pc=0x00007fc675039445 sp=0x00007fc6740c87a0 mode 2
Event: 60.382 Thread 0x00007fc678233800 Thread exited: 0x00007fc678233800
Event: 85.095 loading class 0x00007fc67d1beb30
Event: 85.095 loading class 0x00007fc67d1beb30 done
Event: 165.150 Executing VM operation: ParallelGCFailedAllocation
Event: 165.161 Executing VM operation: ParallelGCFailedAllocation done
Event: 165.169 Executing VM operation: BulkRevokeBias
Event: 165.169 Executing VM operation: BulkRevokeBias done


Dynamic libraries:
00400000-00401000 r-xp 00000000 08:02 797629                             /usr/lib/jvm/java-7-openjdk-amd64/jre/bin/java
00600000-00601000 r--p 00000000 08:02 797629                             /usr/lib/jvm/java-7-openjdk-amd64/jre/bin/java
00601000-00602000 rw-p 00001000 08:02 797629                             /usr/lib/jvm/java-7-openjdk-amd64/jre/bin/java
00c2a000-00c4b000 rw-p 00000000 00:00 0                                  [heap]
b9600000-bab00000 rw-p 00000000 00:00 0 
bab00000-c3c00000 rw-p 00000000 00:00 0 
c3c00000-c6400000 rw-p 00000000 00:00 0 
c6400000-ebe80000 rw-p 00000000 00:00 0 
ebe80000-ed300000 rw-p 00000000 00:00 0 
ed300000-100000000 rw-p 00000000 00:00 0 
7fc624000000-7fc624021000 rw-p 00000000 00:00 0 
7fc624021000-7fc628000000 ---p 00000000 00:00 0 
7fc62ae62000-7fc62c000000 rw-p 00000000 00:00 0 
7fc62c000000-7fc62c021000 rw-p 00000000 00:00 0 
7fc62c021000-7fc630000000 ---p 00000000 00:00 0 
7fc630000000-7fc630021000 rw-p 00000000 00:00 0 
7fc630021000-7fc634000000 ---p 00000000 00:00 0 
7fc63406a000-7fc63406d000 r-xp 00000000 08:06 526147                     /home/jacintor/Javalabra/Bomberguy/BomberguyGame/target/natives/libjinput-linux64.so
7fc63406d000-7fc63426c000 ---p 00003000 08:06 526147                     /home/jacintor/Javalabra/Bomberguy/BomberguyGame/target/natives/libjinput-linux64.so
7fc63426c000-7fc63426d000 r--p 00002000 08:06 526147                     /home/jacintor/Javalabra/Bomberguy/BomberguyGame/target/natives/libjinput-linux64.so
7fc63426d000-7fc63426e000 rw-p 00003000 08:06 526147                     /home/jacintor/Javalabra/Bomberguy/BomberguyGame/target/natives/libjinput-linux64.so
7fc63426e000-7fc6342a5000 r-xp 00000000 08:02 661872                     /usr/lib/x86_64-linux-gnu/libtxc_dxtn_s2tc.so.0.0.0
7fc6342a5000-7fc6344a4000 ---p 00037000 08:02 661872                     /usr/lib/x86_64-linux-gnu/libtxc_dxtn_s2tc.so.0.0.0
7fc6344a4000-7fc6344a5000 r--p 00036000 08:02 661872                     /usr/lib/x86_64-linux-gnu/libtxc_dxtn_s2tc.so.0.0.0
7fc6344a5000-7fc6344a6000 rw-p 00037000 08:02 661872                     /usr/lib/x86_64-linux-gnu/libtxc_dxtn_s2tc.so.0.0.0
7fc6344a6000-7fc6344ae000 r-xp 00000000 08:02 661568                     /usr/lib/x86_64-linux-gnu/libpciaccess.so.0.11.1
7fc6344ae000-7fc6346ad000 ---p 00008000 08:02 661568                     /usr/lib/x86_64-linux-gnu/libpciaccess.so.0.11.1
7fc6346ad000-7fc6346ae000 r--p 00007000 08:02 661568                     /usr/lib/x86_64-linux-gnu/libpciaccess.so.0.11.1
7fc6346ae000-7fc6346af000 rw-p 00008000 08:02 661568                     /usr/lib/x86_64-linux-gnu/libpciaccess.so.0.11.1
7fc6346af000-7fc6346bb000 r-xp 00000000 08:02 661580                     /usr/lib/x86_64-linux-gnu/libdrm_radeon.so.1.0.1
7fc6346bb000-7fc6348ba000 ---p 0000c000 08:02 661580                     /usr/lib/x86_64-linux-gnu/libdrm_radeon.so.1.0.1
7fc6348ba000-7fc6348bb000 r--p 0000b000 08:02 661580                     /usr/lib/x86_64-linux-gnu/libdrm_radeon.so.1.0.1
7fc6348bb000-7fc6348bc000 rw-p 0000c000 08:02 661580                     /usr/lib/x86_64-linux-gnu/libdrm_radeon.so.1.0.1
7fc6348bc000-7fc6348c2000 r-xp 00000000 08:02 661578                     /usr/lib/x86_64-linux-gnu/libdrm_nouveau.so.2.0.0
7fc6348c2000-7fc634ac1000 ---p 00006000 08:02 661578                     /usr/lib/x86_64-linux-gnu/libdrm_nouveau.so.2.0.0
7fc634ac1000-7fc634ac2000 r--p 00005000 08:02 661578                     /usr/lib/x86_64-linux-gnu/libdrm_nouveau.so.2.0.0
7fc634ac2000-7fc634ac3000 rw-p 00006000 08:02 661578                     /usr/lib/x86_64-linux-gnu/libdrm_nouveau.so.2.0.0
7fc634ac3000-7fc634ae2000 r-xp 00000000 08:02 654807                     /usr/lib/x86_64-linux-gnu/libdrm_intel.so.1.0.0
7fc634ae2000-7fc634ce1000 ---p 0001f000 08:02 654807                     /usr/lib/x86_64-linux-gnu/libdrm_intel.so.1.0.0
7fc634ce1000-7fc634ce2000 r--p 0001e000 08:02 654807                     /usr/lib/x86_64-linux-gnu/libdrm_intel.so.1.0.0
7fc634ce2000-7fc634ce3000 rw-p 0001f000 08:02 654807                     /usr/lib/x86_64-linux-gnu/libdrm_intel.so.1.0.0
7fc634ce3000-7fc6351d2000 r-xp 00000000 08:02 670578                     /usr/lib/x86_64-linux-gnu/dri/i965_dri.so
7fc6351d2000-7fc6353d1000 ---p 004ef000 08:02 670578                     /usr/lib/x86_64-linux-gnu/dri/i965_dri.so
7fc6353d1000-7fc6353e8000 r--p 004ee000 08:02 670578                     /usr/lib/x86_64-linux-gnu/dri/i965_dri.so
7fc6353e8000-7fc6353f4000 rw-p 00505000 08:02 670578                     /usr/lib/x86_64-linux-gnu/dri/i965_dri.so
7fc6353f4000-7fc635440000 rw-p 00000000 00:00 0 
7fc635440000-7fc635448000 r-xp 00000000 08:02 1046607                    /lib/x86_64-linux-gnu/libnih-dbus.so.1.0.0
7fc635448000-7fc635648000 ---p 00008000 08:02 1046607                    /lib/x86_64-linux-gnu/libnih-dbus.so.1.0.0
7fc635648000-7fc635649000 r--p 00008000 08:02 1046607                    /lib/x86_64-linux-gnu/libnih-dbus.so.1.0.0
7fc635649000-7fc63564a000 rw-p 00009000 08:02 1046607                    /lib/x86_64-linux-gnu/libnih-dbus.so.1.0.0
7fc63564a000-7fc635661000 r-xp 00000000 08:02 1046609                    /lib/x86_64-linux-gnu/libnih.so.1.0.0
7fc635661000-7fc635860000 ---p 00017000 08:02 1046609                    /lib/x86_64-linux-gnu/libnih.so.1.0.0
7fc635860000-7fc635861000 r--p 00016000 08:02 1046609                    /lib/x86_64-linux-gnu/libnih.so.1.0.0
7fc635861000-7fc635862000 rw-p 00017000 08:02 1046609                    /lib/x86_64-linux-gnu/libnih.so.1.0.0
7fc635862000-7fc63587b000 r-xp 00000000 08:02 1046891                    /lib/x86_64-linux-gnu/libcgmanager.so.0.0.0
7fc63587b000-7fc635a7a000 ---p 00019000 08:02 1046891                    /lib/x86_64-linux-gnu/libcgmanager.so.0.0.0
7fc635a7a000-7fc635a7c000 r--p 00018000 08:02 1046891                    /lib/x86_64-linux-gnu/libcgmanager.so.0.0.0
7fc635a7c000-7fc635a7d000 rw-p 0001a000 08:02 1046891                    /lib/x86_64-linux-gnu/libcgmanager.so.0.0.0
7fc635a7d000-7fc635a8d000 r-xp 00000000 08:02 1046560                    /lib/x86_64-linux-gnu/libudev.so.1.3.5
7fc635a8d000-7fc635c8c000 ---p 00010000 08:02 1046560                    /lib/x86_64-linux-gnu/libudev.so.1.3.5
7fc635c8c000-7fc635c8d000 r--p 0000f000 08:02 1046560                    /lib/x86_64-linux-gnu/libudev.so.1.3.5
7fc635c8d000-7fc635c8e000 rw-p 00010000 08:02 1046560                    /lib/x86_64-linux-gnu/libudev.so.1.3.5
7fc635c8e000-7fc635ca5000 r-xp 00000000 08:02 679551                     /usr/lib/jvm/java-7-openjdk-amd64/jre/lib/amd64/libnet.so
7fc635ca5000-7fc635ea4000 ---p 00017000 08:02 679551                     /usr/lib/jvm/java-7-openjdk-amd64/jre/lib/amd64/libnet.so
7fc635ea4000-7fc635ea5000 r--p 00016000 08:02 679551                     /usr/lib/jvm/java-7-openjdk-amd64/jre/lib/amd64/libnet.so
7fc635ea5000-7fc635ea6000 rw-p 00017000 08:02 679551                     /usr/lib/jvm/java-7-openjdk-amd64/jre/lib/amd64/libnet.so
7fc635ea6000-7fc635eb6000 r-xp 00000000 08:02 679547                     /usr/lib/jvm/java-7-openjdk-amd64/jre/lib/amd64/libnio.so
7fc635eb6000-7fc6360b6000 ---p 00010000 08:02 679547                     /usr/lib/jvm/java-7-openjdk-amd64/jre/lib/amd64/libnio.so
7fc6360b6000-7fc6360b7000 r--p 00010000 08:02 679547                     /usr/lib/jvm/java-7-openjdk-amd64/jre/lib/amd64/libnio.so
7fc6360b7000-7fc6360b8000 rw-p 00011000 08:02 679547                     /usr/lib/jvm/java-7-openjdk-amd64/jre/lib/amd64/libnio.so
7fc6360b8000-7fc6360c3000 r-xp 00000000 08:02 654805                     /usr/lib/x86_64-linux-gnu/libdrm.so.2.4.0
7fc6360c3000-7fc6362c2000 ---p 0000b000 08:02 654805                     /usr/lib/x86_64-linux-gnu/libdrm.so.2.4.0
7fc6362c2000-7fc6362c3000 r--p 0000a000 08:02 654805                     /usr/lib/x86_64-linux-gnu/libdrm.so.2.4.0
7fc6362c3000-7fc6362c4000 rw-p 0000b000 08:02 654805                     /usr/lib/x86_64-linux-gnu/libdrm.so.2.4.0
7fc6362c4000-7fc6362c5000 r-xp 00000000 08:02 661714                     /usr/lib/x86_64-linux-gnu/libxshmfence.so.1.0.0
7fc6362c5000-7fc6364c4000 ---p 00001000 08:02 661714                     /usr/lib/x86_64-linux-gnu/libxshmfence.so.1.0.0
7fc6364c4000-7fc6364c5000 r--p 00000000 08:02 661714                     /usr/lib/x86_64-linux-gnu/libxshmfence.so.1.0.0
7fc6364c5000-7fc6364c6000 rw-p 00001000 08:02 661714                     /usr/lib/x86_64-linux-gnu/libxshmfence.so.1.0.0
7fc6364c6000-7fc6364cb000 r-xp 00000000 08:02 661706                     /usr/lib/x86_64-linux-gnu/libxcb-sync.so.1.0.0
7fc6364cb000-7fc6366ca000 ---p 00005000 08:02 661706                     /usr/lib/x86_64-linux-gnu/libxcb-sync.so.1.0.0
7fc6366ca000-7fc6366cb000 r--p 00004000 08:02 661706                     /usr/lib/x86_64-linux-gnu/libxcb-sync.so.1.0.0
7fc6366cb000-7fc6366cc000 rw-p 00005000 08:02 661706                     /usr/lib/x86_64-linux-gnu/libxcb-sync.so.1.0.0
7fc6366cc000-7fc6366ce000 r-xp 00000000 08:02 661702                     /usr/lib/x86_64-linux-gnu/libxcb-present.so.0.0.0
7fc6366ce000-7fc6368cd000 ---p 00002000 08:02 661702                     /usr/lib/x86_64-linux-gnu/libxcb-present.so.0.0.0
7fc6368cd000-7fc6368ce000 r--p 00001000 08:02 661702                     /usr/lib/x86_64-linux-gnu/libxcb-present.so.0.0.0
7fc6368ce000-7fc6368cf000 rw-p 00002000 08:02 661702                     /usr/lib/x86_64-linux-gnu/libxcb-present.so.0.0.0
7fc6368cf000-7fc6368d1000 r-xp 00000000 08:02 661694                     /usr/lib/x86_64-linux-gnu/libxcb-dri3.so.0.0.0
7fc6368d1000-7fc636ad0000 ---p 00002000 08:02 661694                     /usr/lib/x86_64-linux-gnu/libxcb-dri3.so.0.0.0
7fc636ad0000-7fc636ad1000 r--p 00001000 08:02 661694                     /usr/lib/x86_64-linux-gnu/libxcb-dri3.so.0.0.0
7fc636ad1000-7fc636ad2000 rw-p 00002000 08:02 661694                     /usr/lib/x86_64-linux-gnu/libxcb-dri3.so.0.0.0
7fc636ad2000-7fc636ad5000 r-xp 00000000 08:02 661642                     /usr/lib/x86_64-linux-gnu/libxcb-dri2.so.0.0.0
7fc636ad5000-7fc636cd5000 ---p 00003000 08:02 661642                     /usr/lib/x86_64-linux-gnu/libxcb-dri2.so.0.0.0
7fc636cd5000-7fc636cd6000 r--p 00003000 08:02 661642                     /usr/lib/x86_64-linux-gnu/libxcb-dri2.so.0.0.0
7fc636cd6000-7fc636cd7000 rw-p 00004000 08:02 661642                     /usr/lib/x86_64-linux-gnu/libxcb-dri2.so.0.0.0
7fc636cd7000-7fc636cec000 r-xp 00000000 08:02 661698                     /usr/lib/x86_64-linux-gnu/libxcb-glx.so.0.0.0
7fc636cec000-7fc636eeb000 ---p 00015000 08:02 661698                     /usr/lib/x86_64-linux-gnu/libxcb-glx.so.0.0.0
7fc636eeb000-7fc636eed000 r--p 00014000 08:02 661698                     /usr/lib/x86_64-linux-gnu/libxcb-glx.so.0.0.0
7fc636eed000-7fc636eee000 rw-p 00016000 08:02 661698                     /usr/lib/x86_64-linux-gnu/libxcb-glx.so.0.0.0
7fc636eee000-7fc636eef000 r-xp 00000000 08:02 661660                     /usr/lib/x86_64-linux-gnu/libX11-xcb.so.1.0.0
7fc636eef000-7fc6370ee000 ---p 00001000 08:02 661660                     /usr/lib/x86_64-linux-gnu/libX11-xcb.so.1.0.0
7fc6370ee000-7fc6370ef000 r--p 00000000 08:02 661660                     /usr/lib/x86_64-linux-gnu/libX11-xcb.so.1.0.0
7fc6370ef000-7fc6370f0000 rw-p 00001000 08:02 661660                     /usr/lib/x86_64-linux-gnu/libX11-xcb.so.1.0.0
7fc6370f0000-7fc6370f2000 r-xp 00000000 08:02 661710                     /usr/lib/x86_64-linux-gnu/libXdamage.so.1.1.0
7fc6370f2000-7fc6372f1000 ---p 00002000 08:02 661710                     /usr/lib/x86_64-linux-gnu/libXdamage.so.1.1.0
7fc6372f1000-7fc6372f2000 r--p 00001000 08:02 661710                     /usr/lib/x86_64-linux-gnu/libXdamage.so.1.1.0
7fc6372f2000-7fc6372f3000 rw-p 00002000 08:02 661710                     /usr/lib/x86_64-linux-gnu/libXdamage.so.1.1.0
7fc6372f3000-7fc637315000 r-xp 00000000 08:02 661626                     /usr/lib/x86_64-linux-gnu/libglapi.so.0.0.0
7fc637315000-7fc637515000 ---p 00022000 08:02 661626                     /usr/lib/x86_64-linux-gnu/libglapi.so.0.0.0
7fc637515000-7fc637518000 r--p 00022000 08:02 661626                     /usr/lib/x86_64-linux-gnu/libglapi.so.0.0.0
7fc637518000-7fc637519000 rw-p 00025000 08:02 661626                     /usr/lib/x86_64-linux-gnu/libglapi.so.0.0.0
7fc637519000-7fc63751a000 rw-p 00000000 00:00 0 
7fc63751a000-7fc63757c000 r-xp 00000000 08:02 661608                     /usr/lib/x86_64-linux-gnu/mesa/libGL.so.1.2.0
7fc63757c000-7fc63777b000 ---p 00062000 08:02 661608                     /usr/lib/x86_64-linux-gnu/mesa/libGL.so.1.2.0
7fc63777b000-7fc63777e000 r--p 00061000 08:02 661608                     /usr/lib/x86_64-linux-gnu/mesa/libGL.so.1.2.0
7fc63777e000-7fc63777f000 rw-p 00064000 08:02 661608                     /usr/lib/x86_64-linux-gnu/mesa/libGL.so.1.2.0
7fc63777f000-7fc637780000 rw-p 00000000 00:00 0 
7fc637780000-7fc637784000 r-xp 00000000 08:02 661720                     /usr/lib/x86_64-linux-gnu/libXxf86vm.so.1.0.0
7fc637784000-7fc637984000 ---p 00004000 08:02 661720                     /usr/lib/x86_64-linux-gnu/libXxf86vm.so.1.0.0
7fc637984000-7fc637985000 r--p 00004000 08:02 661720                     /usr/lib/x86_64-linux-gnu/libXxf86vm.so.1.0.0
7fc637985000-7fc637986000 rw-p 00005000 08:02 661720                     /usr/lib/x86_64-linux-gnu/libXxf86vm.so.1.0.0
7fc637986000-7fc63798f000 r-xp 00000000 08:02 661856                     /usr/lib/x86_64-linux-gnu/libXrandr.so.2.2.0
7fc63798f000-7fc637b8e000 ---p 00009000 08:02 661856                     /usr/lib/x86_64-linux-gnu/libXrandr.so.2.2.0
7fc637b8e000-7fc637b8f000 r--p 00008000 08:02 661856                     /usr/lib/x86_64-linux-gnu/libXrandr.so.2.2.0
7fc637b8f000-7fc637b90000 rw-p 00009000 08:02 661856                     /usr/lib/x86_64-linux-gnu/libXrandr.so.2.2.0
7fc637b90000-7fc637bfc000 r-xp 00000000 08:06 526124                     /home/jacintor/Javalabra/Bomberguy/BomberguyGame/target/natives/liblwjgl64.so
7fc637bfc000-7fc637dfb000 ---p 0006c000 08:06 526124                     /home/jacintor/Javalabra/Bomberguy/BomberguyGame/target/natives/liblwjgl64.so
7fc637dfb000-7fc637dfd000 r--p 0006b000 08:06 526124                     /home/jacintor/Javalabra/Bomberguy/BomberguyGame/target/natives/liblwjgl64.so
7fc637dfd000-7fc637dfe000 rw-p 0006d000 08:06 526124                     /home/jacintor/Javalabra/Bomberguy/BomberguyGame/target/natives/liblwjgl64.so
7fc637dfe000-7fc637dff000 r-xp 00000000 08:02 679574                     /usr/lib/jvm/java-7-openjdk-amd64/jre/lib/amd64/libjawt.so
7fc637dff000-7fc637ffe000 ---p 00001000 08:02 679574                     /usr/lib/jvm/java-7-openjdk-amd64/jre/lib/amd64/libjawt.so
7fc637ffe000-7fc637fff000 r--p 00000000 08:02 679574                     /usr/lib/jvm/java-7-openjdk-amd64/jre/lib/amd64/libjawt.so
7fc637fff000-7fc638000000 rw-p 00001000 08:02 679574                     /usr/lib/jvm/java-7-openjdk-amd64/jre/lib/amd64/libjawt.so
7fc638000000-7fc638021000 rw-p 00000000 00:00 0 
7fc638021000-7fc63c000000 ---p 00000000 00:00 0 
7fc63c035000-7fc63c038000 ---p 00000000 00:00 0 
7fc63c038000-7fc63c136000 rw-p 00000000 00:00 0                          [stack:22320]
7fc63c136000-7fc63c1aa000 rw-p 00000000 00:00 0 
7fc63c1f7000-7fc63c1fc000 r-xp 00000000 08:02 661678                     /usr/lib/x86_64-linux-gnu/libXfixes.so.3.1.0
7fc63c1fc000-7fc63c3fb000 ---p 00005000 08:02 661678                     /usr/lib/x86_64-linux-gnu/libXfixes.so.3.1.0
7fc63c3fb000-7fc63c3fc000 r--p 00004000 08:02 661678                     /usr/lib/x86_64-linux-gnu/libXfixes.so.3.1.0
7fc63c3fc000-7fc63c3fd000 rw-p 00005000 08:02 661678                     /usr/lib/x86_64-linux-gnu/libXfixes.so.3.1.0
7fc63c3fd000-7fc63c406000 r-xp 00000000 08:02 663700                     /usr/lib/x86_64-linux-gnu/libXcursor.so.1.0.2
7fc63c406000-7fc63c605000 ---p 00009000 08:02 663700                     /usr/lib/x86_64-linux-gnu/libXcursor.so.1.0.2
7fc63c605000-7fc63c606000 r--p 00008000 08:02 663700                     /usr/lib/x86_64-linux-gnu/libXcursor.so.1.0.2
7fc63c606000-7fc63c607000 rw-p 00009000 08:02 663700                     /usr/lib/x86_64-linux-gnu/libXcursor.so.1.0.2
7fc63c607000-7fc63c60b000 r-xp 00000000 08:02 1046787                    /lib/x86_64-linux-gnu/libgpg-error.so.0.10.0
7fc63c60b000-7fc63c80a000 ---p 00004000 08:02 1046787                    /lib/x86_64-linux-gnu/libgpg-error.so.0.10.0
7fc63c80a000-7fc63c80b000 r--p 00003000 08:02 1046787                    /lib/x86_64-linux-gnu/libgpg-error.so.0.10.0
7fc63c80b000-7fc63c80c000 rw-p 00004000 08:02 1046787                    /lib/x86_64-linux-gnu/libgpg-error.so.0.10.0
7fc63c80c000-7fc63c80e000 r-xp 00000000 08:02 1049431                    /lib/x86_64-linux-gnu/libkeyutils.so.1.4
7fc63c80e000-7fc63ca0e000 ---p 00002000 08:02 1049431                    /lib/x86_64-linux-gnu/libkeyutils.so.1.4
7fc63ca0e000-7fc63ca0f000 r--p 00002000 08:02 1049431                    /lib/x86_64-linux-gnu/libkeyutils.so.1.4
7fc63ca0f000-7fc63ca10000 rw-p 00003000 08:02 1049431                    /lib/x86_64-linux-gnu/libkeyutils.so.1.4
7fc63ca10000-7fc63ca4d000 r-xp 00000000 08:02 1046626                    /lib/x86_64-linux-gnu/libpcre.so.3.13.1
7fc63ca4d000-7fc63cc4c000 ---p 0003d000 08:02 1046626                    /lib/x86_64-linux-gnu/libpcre.so.3.13.1
7fc63cc4c000-7fc63cc4d000 r--p 0003c000 08:02 1046626                    /lib/x86_64-linux-gnu/libpcre.so.3.13.1
7fc63cc4d000-7fc63cc4e000 rw-p 0003d000 08:02 1046626                    /lib/x86_64-linux-gnu/libpcre.so.3.13.1
7fc63cc4e000-7fc63cc73000 r-xp 00000000 08:02 1046635                    /lib/x86_64-linux-gnu/libpng12.so.0.50.0
7fc63cc73000-7fc63ce72000 ---p 00025000 08:02 1046635                    /lib/x86_64-linux-gnu/libpng12.so.0.50.0
7fc63ce72000-7fc63ce73000 r--p 00024000 08:02 1046635                    /lib/x86_64-linux-gnu/libpng12.so.0.50.0
7fc63ce73000-7fc63ce74000 rw-p 00025000 08:02 1046635                    /lib/x86_64-linux-gnu/libpng12.so.0.50.0
7fc63ce74000-7fc63ceb8000 r-xp 00000000 08:02 1093174                    /lib/x86_64-linux-gnu/libdbus-1.so.3.7.6
7fc63ceb8000-7fc63d0b7000 ---p 00044000 08:02 1093174                    /lib/x86_64-linux-gnu/libdbus-1.so.3.7.6
7fc63d0b7000-7fc63d0b8000 r--p 00043000 08:02 1093174                    /lib/x86_64-linux-gnu/libdbus-1.so.3.7.6
7fc63d0b8000-7fc63d0b9000 rw-p 00044000 08:02 1093174                    /lib/x86_64-linux-gnu/libdbus-1.so.3.7.6
7fc63d0b9000-7fc63d0f4000 r-xp 00000000 08:02 659093                     /usr/lib/x86_64-linux-gnu/libp11-kit.so.0.0.0
7fc63d0f4000-7fc63d2f3000 ---p 0003b000 08:02 659093                     /usr/lib/x86_64-linux-gnu/libp11-kit.so.0.0.0
7fc63d2f3000-7fc63d2f9000 r--p 0003a000 08:02 659093                     /usr/lib/x86_64-linux-gnu/libp11-kit.so.0.0.0
7fc63d2f9000-7fc63d2fb000 rw-p 00040000 08:02 659093                     /usr/lib/x86_64-linux-gnu/libp11-kit.so.0.0.0
7fc63d2fb000-7fc63d30d000 r-xp 00000000 08:02 658323                     /usr/lib/x86_64-linux-gnu/libtasn1.so.6.2.0
7fc63d30d000-7fc63d50d000 ---p 00012000 08:02 658323                     /usr/lib/x86_64-linux-gnu/libtasn1.so.6.2.0
7fc63d50d000-7fc63d50e000 r--p 00012000 08:02 658323                     /usr/lib/x86_64-linux-gnu/libtasn1.so.6.2.0
7fc63d50e000-7fc63d50f000 rw-p 00013000 08:02 658323                     /usr/lib/x86_64-linux-gnu/libtasn1.so.6.2.0
7fc63d50f000-7fc63d58b000 r-xp 00000000 08:02 1046601                    /lib/x86_64-linux-gnu/libgcrypt.so.11.8.2
7fc63d58b000-7fc63d78a000 ---p 0007c000 08:02 1046601                    /lib/x86_64-linux-gnu/libgcrypt.so.11.8.2
7fc63d78a000-7fc63d78b000 r--p 0007b000 08:02 1046601                    /lib/x86_64-linux-gnu/libgcrypt.so.11.8.2
7fc63d78b000-7fc63d78e000 rw-p 0007c000 08:02 1046601                    /lib/x86_64-linux-gnu/libgcrypt.so.11.8.2
7fc63d78e000-7fc63d798000 r-xp 00000000 08:02 663206                     /usr/lib/x86_64-linux-gnu/libkrb5support.so.0.1
7fc63d798000-7fc63d997000 ---p 0000a000 08:02 663206                     /usr/lib/x86_64-linux-gnu/libkrb5support.so.0.1
7fc63d997000-7fc63d998000 r--p 00009000 08:02 663206                     /usr/lib/x86_64-linux-gnu/libkrb5support.so.0.1
7fc63d998000-7fc63d999000 rw-p 0000a000 08:02 663206                     /usr/lib/x86_64-linux-gnu/libkrb5support.so.0.1
7fc63d999000-7fc63d99c000 r-xp 00000000 08:02 1046583                    /lib/x86_64-linux-gnu/libcom_err.so.2.1
7fc63d99c000-7fc63db9b000 ---p 00003000 08:02 1046583                    /lib/x86_64-linux-gnu/libcom_err.so.2.1
7fc63db9b000-7fc63db9c000 r--p 00002000 08:02 1046583                    /lib/x86_64-linux-gnu/libcom_err.so.2.1
7fc63db9c000-7fc63db9d000 rw-p 00003000 08:02 1046583                    /lib/x86_64-linux-gnu/libcom_err.so.2.1
7fc63db9d000-7fc63dbc9000 r-xp 00000000 08:02 663208                     /usr/lib/x86_64-linux-gnu/libk5crypto.so.3.1
7fc63dbc9000-7fc63ddc8000 ---p 0002c000 08:02 663208                     /usr/lib/x86_64-linux-gnu/libk5crypto.so.3.1
7fc63ddc8000-7fc63ddca000 r--p 0002b000 08:02 663208                     /usr/lib/x86_64-linux-gnu/libk5crypto.so.3.1
7fc63ddca000-7fc63ddcb000 rw-p 0002d000 08:02 663208                     /usr/lib/x86_64-linux-gnu/libk5crypto.so.3.1
7fc63ddcb000-7fc63ddcc000 rw-p 00000000 00:00 0 
7fc63ddcc000-7fc63de88000 r-xp 00000000 08:02 663213                     /usr/lib/x86_64-linux-gnu/libkrb5.so.3.3
7fc63de88000-7fc63e088000 ---p 000bc000 08:02 663213                     /usr/lib/x86_64-linux-gnu/libkrb5.so.3.3
7fc63e088000-7fc63e095000 r--p 000bc000 08:02 663213                     /usr/lib/x86_64-linux-gnu/libkrb5.so.3.3
7fc63e095000-7fc63e097000 rw-p 000c9000 08:02 663213                     /usr/lib/x86_64-linux-gnu/libkrb5.so.3.3
7fc63e097000-7fc63e09c000 r-xp 00000000 08:02 661542                     /usr/lib/x86_64-linux-gnu/libXdmcp.so.6.0.0
7fc63e09c000-7fc63e29b000 ---p 00005000 08:02 661542                     /usr/lib/x86_64-linux-gnu/libXdmcp.so.6.0.0
7fc63e29b000-7fc63e29c000 r--p 00004000 08:02 661542                     /usr/lib/x86_64-linux-gnu/libXdmcp.so.6.0.0
7fc63e29c000-7fc63e29d000 rw-p 00005000 08:02 661542                     /usr/lib/x86_64-linux-gnu/libXdmcp.so.6.0.0
7fc63e29d000-7fc63e29f000 r-xp 00000000 08:02 661538                     /usr/lib/x86_64-linux-gnu/libXau.so.6.0.0
7fc63e29f000-7fc63e49f000 ---p 00002000 08:02 661538                     /usr/lib/x86_64-linux-gnu/libXau.so.6.0.0
7fc63e49f000-7fc63e4a0000 r--p 00002000 08:02 661538                     /usr/lib/x86_64-linux-gnu/libXau.so.6.0.0
7fc63e4a0000-7fc63e4a1000 rw-p 00003000 08:02 661538                     /usr/lib/x86_64-linux-gnu/libXau.so.6.0.0
7fc63e4a1000-7fc63e4a8000 r-xp 00000000 08:02 659058                     /usr/lib/x86_64-linux-gnu/libffi.so.6.0.1
7fc63e4a8000-7fc63e6a7000 ---p 00007000 08:02 659058                     /usr/lib/x86_64-linux-gnu/libffi.so.6.0.1
7fc63e6a7000-7fc63e6a8000 r--p 00006000 08:02 659058                     /usr/lib/x86_64-linux-gnu/libffi.so.6.0.1
7fc63e6a8000-7fc63e6a9000 rw-p 00007000 08:02 659058                     /usr/lib/x86_64-linux-gnu/libffi.so.6.0.1
7fc63e6a9000-7fc63e6c0000 r-xp 00000000 08:02 1074003                    /lib/x86_64-linux-gnu/libresolv-2.19.so
7fc63e6c0000-7fc63e8c0000 ---p 00017000 08:02 1074003                    /lib/x86_64-linux-gnu/libresolv-2.19.so
7fc63e8c0000-7fc63e8c1000 r--p 00017000 08:02 1074003                    /lib/x86_64-linux-gnu/libresolv-2.19.so
7fc63e8c1000-7fc63e8c2000 rw-p 00018000 08:02 1074003                    /lib/x86_64-linux-gnu/libresolv-2.19.so
7fc63e8c2000-7fc63e8c4000 rw-p 00000000 00:00 0 
7fc63e8c4000-7fc63e8e4000 r-xp 00000000 08:02 1046593                    /lib/x86_64-linux-gnu/libselinux.so.1
7fc63e8e4000-7fc63eae3000 ---p 00020000 08:02 1046593                    /lib/x86_64-linux-gnu/libselinux.so.1
7fc63eae3000-7fc63eae4000 r--p 0001f000 08:02 1046593                    /lib/x86_64-linux-gnu/libselinux.so.1
7fc63eae4000-7fc63eae5000 rw-p 00020000 08:02 1046593                    /lib/x86_64-linux-gnu/libselinux.so.1
7fc63eae5000-7fc63eae7000 rw-p 00000000 00:00 0 
7fc63eae7000-7fc63ebed000 r-xp 00000000 08:02 1046917                    /lib/x86_64-linux-gnu/libglib-2.0.so.0.4002.0
7fc63ebed000-7fc63edec000 ---p 00106000 08:02 1046917                    /lib/x86_64-linux-gnu/libglib-2.0.so.0.4002.0
7fc63edec000-7fc63eded000 r--p 00105000 08:02 1046917                    /lib/x86_64-linux-gnu/libglib-2.0.so.0.4002.0
7fc63eded000-7fc63edee000 rw-p 00106000 08:02 1046917                    /lib/x86_64-linux-gnu/libglib-2.0.so.0.4002.0
7fc63edee000-7fc63edef000 rw-p 00000000 00:00 0 
7fc63edef000-7fc63edf2000 r-xp 00000000 08:02 660110                     /usr/lib/x86_64-linux-gnu/libgmodule-2.0.so.0.4002.0
7fc63edf2000-7fc63eff1000 ---p 00003000 08:02 660110                     /usr/lib/x86_64-linux-gnu/libgmodule-2.0.so.0.4002.0
7fc63eff1000-7fc63eff2000 r--p 00002000 08:02 660110                     /usr/lib/x86_64-linux-gnu/libgmodule-2.0.so.0.4002.0
7fc63eff2000-7fc63eff3000 rw-p 00003000 08:02 660110                     /usr/lib/x86_64-linux-gnu/libgmodule-2.0.so.0.4002.0
7fc63eff3000-7fc63f01a000 r-xp 00000000 08:02 1046783                    /lib/x86_64-linux-gnu/libexpat.so.1.6.0
7fc63f01a000-7fc63f21a000 ---p 00027000 08:02 1046783                    /lib/x86_64-linux-gnu/libexpat.so.1.6.0
7fc63f21a000-7fc63f21c000 r--p 00027000 08:02 1046783                    /lib/x86_64-linux-gnu/libexpat.so.1.6.0
7fc63f21c000-7fc63f21d000 rw-p 00029000 08:02 1046783                    /lib/x86_64-linux-gnu/libexpat.so.1.6.0
7fc63f21d000-7fc63f2ba000 r-xp 00000000 08:02 661690                     /usr/lib/x86_64-linux-gnu/libfreetype.so.6.11.1
7fc63f2ba000-7fc63f4b9000 ---p 0009d000 08:02 661690                     /usr/lib/x86_64-linux-gnu/libfreetype.so.6.11.1
7fc63f4b9000-7fc63f4bf000 r--p 0009c000 08:02 661690                     /usr/lib/x86_64-linux-gnu/libfreetype.so.6.11.1
7fc63f4bf000-7fc63f4c0000 rw-p 000a2000 08:02 661690                     /usr/lib/x86_64-linux-gnu/libfreetype.so.6.11.1
7fc63f4c0000-7fc63f4cf000 r-xp 00000000 08:02 663516                     /usr/lib/x86_64-linux-gnu/libavahi-client.so.3.2.9
7fc63f4cf000-7fc63f6cf000 ---p 0000f000 08:02 663516                     /usr/lib/x86_64-linux-gnu/libavahi-client.so.3.2.9
7fc63f6cf000-7fc63f6d0000 r--p 0000f000 08:02 663516                     /usr/lib/x86_64-linux-gnu/libavahi-client.so.3.2.9
7fc63f6d0000-7fc63f6d1000 rw-p 00010000 08:02 663516                     /usr/lib/x86_64-linux-gnu/libavahi-client.so.3.2.9
7fc63f6d1000-7fc63f6dc000 r-xp 00000000 08:02 663514                     /usr/lib/x86_64-linux-gnu/libavahi-common.so.3.5.3
7fc63f6dc000-7fc63f8db000 ---p 0000b000 08:02 663514                     /usr/lib/x86_64-linux-gnu/libavahi-common.so.3.5.3
7fc63f8db000-7fc63f8dc000 r--p 0000a000 08:02 663514                     /usr/lib/x86_64-linux-gnu/libavahi-common.so.3.5.3
7fc63f8dc000-7fc63f8dd000 rw-p 0000b000 08:02 663514                     /usr/lib/x86_64-linux-gnu/libavahi-common.so.3.5.3
7fc63f8dd000-7fc63f993000 r-xp 00000000 08:02 658335                     /usr/lib/x86_64-linux-gnu/libgnutls.so.26.22.6
7fc63f993000-7fc63fb93000 ---p 000b6000 08:02 658335                     /usr/lib/x86_64-linux-gnu/libgnutls.so.26.22.6
7fc63fb93000-7fc63fb99000 r--p 000b6000 08:02 658335                     /usr/lib/x86_64-linux-gnu/libgnutls.so.26.22.6
7fc63fb99000-7fc63fb9a000 rw-p 000bc000 08:02 658335                     /usr/lib/x86_64-linux-gnu/libgnutls.so.26.22.6
7fc63fb9a000-7fc63fb9b000 rw-p 00000000 00:00 0 
7fc63fb9b000-7fc63fbde000 r-xp 00000000 08:02 663216                     /usr/lib/x86_64-linux-gnu/libgssapi_krb5.so.2.2
7fc63fbde000-7fc63fdde000 ---p 00043000 08:02 663216                     /usr/lib/x86_64-linux-gnu/libgssapi_krb5.so.2.2
7fc63fdde000-7fc63fddf000 r--p 00043000 08:02 663216                     /usr/lib/x86_64-linux-gnu/libgssapi_krb5.so.2.2
7fc63fddf000-7fc63fde1000 rw-p 00044000 08:02 663216                     /usr/lib/x86_64-linux-gnu/libgssapi_krb5.so.2.2
7fc63fde1000-7fc63fdfe000 r-xp 00000000 08:02 661546                     /usr/lib/x86_64-linux-gnu/libxcb.so.1.1.0
7fc63fdfe000-7fc63fffe000 ---p 0001d000 08:02 661546                     /usr/lib/x86_64-linux-gnu/libxcb.so.1.1.0
7fc63fffe000-7fc63ffff000 r--p 0001d000 08:02 661546                     /usr/lib/x86_64-linux-gnu/libxcb.so.1.1.0
7fc63ffff000-7fc640000000 rw-p 0001e000 08:02 661546                     /usr/lib/x86_64-linux-gnu/libxcb.so.1.1.0
7fc640000000-7fc640021000 rw-p 00000000 00:00 0 
7fc640021000-7fc644000000 ---p 00000000 00:00 0 
7fc644000000-7fc644021000 rw-p 00000000 00:00 0 
7fc644021000-7fc648000000 ---p 00000000 00:00 0 
7fc648000000-7fc648b60000 rw-p 00000000 00:00 0 
7fc648b60000-7fc64c000000 ---p 00000000 00:00 0 
7fc64c000000-7fc64c7f4000 rw-p 00000000 00:00 0 
7fc64c7f4000-7fc650000000 ---p 00000000 00:00 0 
7fc650000000-7fc650021000 rw-p 00000000 00:00 0 
7fc650021000-7fc654000000 ---p 00000000 00:00 0 
7fc654000000-7fc654021000 rw-p 00000000 00:00 0 
7fc654021000-7fc658000000 ---p 00000000 00:00 0 
7fc658000000-7fc658021000 rw-p 00000000 00:00 0 
7fc658021000-7fc65c000000 ---p 00000000 00:00 0 
7fc65c000000-7fc65c021000 rw-p 00000000 00:00 0 
7fc65c021000-7fc660000000 ---p 00000000 00:00 0 
7fc660000000-7fc660021000 rw-p 00000000 00:00 0 
7fc660021000-7fc664000000 ---p 00000000 00:00 0 
7fc6640b7000-7fc6640ba000 ---p 00000000 00:00 0 
7fc6640ba000-7fc6641b8000 rw-p 00000000 00:00 0                          [stack:22314]
7fc6641b8000-7fc664207000 r-xp 00000000 08:02 660112                     /usr/lib/x86_64-linux-gnu/libgobject-2.0.so.0.4002.0
7fc664207000-7fc664407000 ---p 0004f000 08:02 660112                     /usr/lib/x86_64-linux-gnu/libgobject-2.0.so.0.4002.0
7fc664407000-7fc664408000 r--p 0004f000 08:02 660112                     /usr/lib/x86_64-linux-gnu/libgobject-2.0.so.0.4002.0
7fc664408000-7fc664409000 rw-p 00050000 08:02 660112                     /usr/lib/x86_64-linux-gnu/libgobject-2.0.so.0.4002.0
7fc664409000-7fc664575000 r-xp 00000000 08:02 660117                     /usr/lib/x86_64-linux-gnu/libgio-2.0.so.0.4002.0
7fc664575000-7fc664774000 ---p 0016c000 08:02 660117                     /usr/lib/x86_64-linux-gnu/libgio-2.0.so.0.4002.0
7fc664774000-7fc664778000 r--p 0016b000 08:02 660117                     /usr/lib/x86_64-linux-gnu/libgio-2.0.so.0.4002.0
7fc664778000-7fc66477a000 rw-p 0016f000 08:02 660117                     /usr/lib/x86_64-linux-gnu/libgio-2.0.so.0.4002.0
7fc66477a000-7fc66477c000 rw-p 00000000 00:00 0 
7fc66477c000-7fc6647b6000 r-xp 00000000 08:02 663646                     /usr/lib/x86_64-linux-gnu/libfontconfig.so.1.8.0
7fc6647b6000-7fc6649b5000 ---p 0003a000 08:02 663646                     /usr/lib/x86_64-linux-gnu/libfontconfig.so.1.8.0
7fc6649b5000-7fc6649b7000 r--p 00039000 08:02 663646                     /usr/lib/x86_64-linux-gnu/libfontconfig.so.1.8.0
7fc6649b7000-7fc6649b8000 rw-p 0003b000 08:02 663646                     /usr/lib/x86_64-linux-gnu/libfontconfig.so.1.8.0
7fc6649b8000-7fc664a24000 r-xp 00000000 08:02 663518                     /usr/lib/x86_64-linux-gnu/libcups.so.2
7fc664a24000-7fc664c24000 ---p 0006c000 08:02 663518                     /usr/lib/x86_64-linux-gnu/libcups.so.2
7fc664c24000-7fc664c2b000 r--p 0006c000 08:02 663518                     /usr/lib/x86_64-linux-gnu/libcups.so.2
7fc664c2b000-7fc664c2c000 rw-p 00073000 08:02 663518                     /usr/lib/x86_64-linux-gnu/libcups.so.2
7fc664c2c000-7fc664c3b000 r-xp 00000000 08:02 661838                     /usr/lib/x86_64-linux-gnu/libXi.so.6.1.0
7fc664c3b000-7fc664e3a000 ---p 0000f000 08:02 661838                     /usr/lib/x86_64-linux-gnu/libXi.so.6.1.0
7fc664e3a000-7fc664e3b000 r--p 0000e000 08:02 661838                     /usr/lib/x86_64-linux-gnu/libXi.so.6.1.0
7fc664e3b000-7fc664e3c000 rw-p 0000f000 08:02 661838                     /usr/lib/x86_64-linux-gnu/libXi.so.6.1.0
7fc664e3c000-7fc664e41000 r-xp 00000000 08:02 669350                     /usr/lib/x86_64-linux-gnu/libXtst.so.6.1.0
7fc664e41000-7fc665040000 ---p 00005000 08:02 669350                     /usr/lib/x86_64-linux-gnu/libXtst.so.6.1.0
7fc665040000-7fc665041000 r--p 00004000 08:02 669350                     /usr/lib/x86_64-linux-gnu/libXtst.so.6.1.0
7fc665041000-7fc665042000 rw-p 00005000 08:02 669350                     /usr/lib/x86_64-linux-gnu/libXtst.so.6.1.0
7fc665042000-7fc66504b000 r-xp 00000000 08:02 661850                     /usr/lib/x86_64-linux-gnu/libXrender.so.1.3.0
7fc66504b000-7fc66524a000 ---p 00009000 08:02 661850                     /usr/lib/x86_64-linux-gnu/libXrender.so.1.3.0
7fc66524a000-7fc66524b000 r--p 00008000 08:02 661850                     /usr/lib/x86_64-linux-gnu/libXrender.so.1.3.0
7fc66524b000-7fc66524c000 rw-p 00009000 08:02 661850                     /usr/lib/x86_64-linux-gnu/libXrender.so.1.3.0
7fc66524c000-7fc66537c000 r-xp 00000000 08:02 661554                     /usr/lib/x86_64-linux-gnu/libX11.so.6.3.0
7fc66537c000-7fc66557c000 ---p 00130000 08:02 661554                     /usr/lib/x86_64-linux-gnu/libX11.so.6.3.0
7fc66557c000-7fc66557d000 r--p 00130000 08:02 661554                     /usr/lib/x86_64-linux-gnu/libX11.so.6.3.0
7fc66557d000-7fc665581000 rw-p 00131000 08:02 661554                     /usr/lib/x86_64-linux-gnu/libX11.so.6.3.0
7fc665581000-7fc665592000 r-xp 00000000 08:02 661560                     /usr/lib/x86_64-linux-gnu/libXext.so.6.4.0
7fc665592000-7fc665791000 ---p 00011000 08:02 661560                     /usr/lib/x86_64-linux-gnu/libXext.so.6.4.0
7fc665791000-7fc665792000 r--p 00010000 08:02 661560                     /usr/lib/x86_64-linux-gnu/libXext.so.6.4.0
7fc665792000-7fc665793000 rw-p 00011000 08:02 661560                     /usr/lib/x86_64-linux-gnu/libXext.so.6.4.0
7fc665793000-7fc6657db000 r-xp 00000000 08:02 798056                     /usr/lib/jvm/java-7-openjdk-amd64/jre/lib/amd64/xawt/libmawt.so
7fc6657db000-7fc6659da000 ---p 00048000 08:02 798056                     /usr/lib/jvm/java-7-openjdk-amd64/jre/lib/amd64/xawt/libmawt.so
7fc6659da000-7fc6659db000 r--p 00047000 08:02 798056                     /usr/lib/jvm/java-7-openjdk-amd64/jre/lib/amd64/xawt/libmawt.so
7fc6659db000-7fc6659de000 rw-p 00048000 08:02 798056                     /usr/lib/jvm/java-7-openjdk-amd64/jre/lib/amd64/xawt/libmawt.so
7fc6659de000-7fc6659df000 rw-p 00000000 00:00 0 
7fc6659df000-7fc665a7f000 r-xp 00000000 08:02 679561                     /usr/lib/jvm/java-7-openjdk-amd64/jre/lib/amd64/libawt.so
7fc665a7f000-7fc665c7f000 ---p 000a0000 08:02 679561                     /usr/lib/jvm/java-7-openjdk-amd64/jre/lib/amd64/libawt.so
7fc665c7f000-7fc665c80000 r--p 000a0000 08:02 679561                     /usr/lib/jvm/java-7-openjdk-amd64/jre/lib/amd64/libawt.so
7fc665c80000-7fc665c8b000 rw-p 000a1000 08:02 679561                     /usr/lib/jvm/java-7-openjdk-amd64/jre/lib/amd64/libawt.so
7fc665c8b000-7fc668000000 rw-p 00000000 00:00 0 
7fc668000000-7fc668021000 rw-p 00000000 00:00 0 
7fc668021000-7fc66c000000 ---p 00000000 00:00 0 
7fc66c000000-7fc66c021000 rw-p 00000000 00:00 0 
7fc66c021000-7fc670000000 ---p 00000000 00:00 0 
7fc670000000-7fc670021000 rw-p 00000000 00:00 0 
7fc670021000-7fc674000000 ---p 00000000 00:00 0 
7fc67400f000-7fc674017000 rw-s 00000000 00:04 94511                      /drm mm object (deleted)
7fc674017000-7fc67401f000 rw-s 00000000 00:04 95251                      /drm mm object (deleted)
7fc67401f000-7fc674020000 rw-s 00000000 00:04 92608                      /drm mm object (deleted)
7fc674020000-7fc674060000 rw-s 00000000 00:04 90108                      /drm mm object (deleted)
7fc674060000-7fc674091000 rw-p 00000000 00:00 0 
7fc674091000-7fc674094000 ---p 00000000 00:00 0 
7fc674094000-7fc6740ca000 rw-p 00000000 00:00 0 
7fc6740ca000-7fc6740cd000 ---p 00000000 00:00 0 
7fc6740cd000-7fc6741cb000 rw-p 00000000 00:00 0                          [stack:22313]
7fc6741cb000-7fc6741cc000 ---p 00000000 00:00 0 
7fc6741cc000-7fc6742cc000 rw-p 00000000 00:00 0                          [stack:22312]
7fc6742cc000-7fc6742cf000 ---p 00000000 00:00 0 
7fc6742cf000-7fc6743cd000 rw-p 00000000 00:00 0                          [stack:22311]
7fc6743cd000-7fc6743d0000 ---p 00000000 00:00 0 
7fc6743d0000-7fc6744ce000 rw-p 00000000 00:00 0                          [stack:22310]
7fc6744ce000-7fc6744d1000 ---p 00000000 00:00 0 
7fc6744d1000-7fc6745cf000 rw-p 00000000 00:00 0                          [stack:22309]
7fc6745cf000-7fc6745d2000 ---p 00000000 00:00 0 
7fc6745d2000-7fc6746d0000 rw-p 00000000 00:00 0                          [stack:22308]
7fc6746d0000-7fc674bfc000 r--p 00000000 08:02 654232                     /usr/lib/locale/locale-archive
7fc674bfc000-7fc674bff000 ---p 00000000 00:00 0 
7fc674bff000-7fc674cfd000 rw-p 00000000 00:00 0                          [stack:22307]
7fc674cfd000-7fc674d00000 ---p 00000000 00:00 0 
7fc674d00000-7fc674dfe000 rw-p 00000000 00:00 0                          [stack:22306]
7fc674dfe000-7fc674dff000 ---p 00000000 00:00 0 
7fc674dff000-7fc675000000 rw-p 00000000 00:00 0                          [stack:22305]
7fc675000000-7fc675270000 rwxp 00000000 00:00 0 
7fc675270000-7fc678ce9000 rw-p 00000000 00:00 0 
7fc678ce9000-7fc67c000000 ---p 00000000 00:00 0 
7fc67c000000-7fc67c008000 rw-s 10237f000 00:05 11401                     /dev/dri/card0
7fc67c009000-7fc67c00a000 rw-s 00000000 00:04 92607                      /drm mm object (deleted)
7fc67c00a000-7fc67c00b000 rw-s 00000000 00:04 92606                      /drm mm object (deleted)
7fc67c00b000-7fc67c00c000 rw-s 00000000 00:04 92605                      /drm mm object (deleted)
7fc67c00c000-7fc67c00d000 rw-s 00000000 00:04 92604                      /drm mm object (deleted)
7fc67c00d000-7fc67c00e000 rw-s 00000000 00:04 92603                      /drm mm object (deleted)
7fc67c00e000-7fc67c00f000 rw-s 00000000 00:04 92602                      /drm mm object (deleted)
7fc67c00f000-7fc67c010000 rwxp 00000000 00:00 0 
7fc67c010000-7fc67c018000 rw-s 00000000 00:04 94507                      /drm mm object (deleted)
7fc67c018000-7fc67c020000 rw-s 00000000 00:04 94506                      /drm mm object (deleted)
7fc67c020000-7fc67c021000 rw-s 00000000 00:04 94503                      /drm mm object (deleted)
7fc67c021000-7fc67c029000 rw-s 00000000 00:04 94502                      /drm mm object (deleted)
7fc67c029000-7fc67c032000 r--s 000b9000 08:02 679522                     /usr/lib/jvm/java-7-openjdk-amd64/jre/lib/resources.jar
7fc67c032000-7fc67c033000 r--p 00000000 08:02 936819                     /usr/share/locale-langpack/en_GB/LC_MESSAGES/libc.mo
7fc67c033000-7fc67c035000 r--s 00017000 08:06 655820                     /home/jacintor/.m2/repository/org/jcraft/jorbis/0.0.17/jorbis-0.0.17.jar
7fc67c035000-7fc67c036000 r--s 00002000 08:06 655818                     /home/jacintor/.m2/repository/net/java/jinput/jinput-platform/2.0.5/jinput-platform-2.0.5-natives-osx.jar
7fc67c036000-7fc67c037000 r--s 00025000 08:06 655816                     /home/jacintor/.m2/repository/net/java/jinput/jinput-platform/2.0.5/jinput-platform-2.0.5-natives-windows.jar
7fc67c037000-7fc67c038000 r--s 00002000 08:06 655815                     /home/jacintor/.m2/repository/net/java/jinput/jinput-platform/2.0.5/jinput-platform-2.0.5-natives-linux.jar
7fc67c038000-7fc67c039000 r--s 00001000 08:06 655813                     /home/jacintor/.m2/repository/net/java/jutils/jutils/1.0.0/jutils-1.0.0.jar
7fc67c039000-7fc67c03d000 r--s 0002f000 08:06 400719                     /home/jacintor/.m2/repository/net/java/jinput/jinput/2.0.5/jinput-2.0.5.jar
7fc67c03d000-7fc67c047000 r--s 00203000 08:02 679539                     /usr/lib/jvm/java-7-openjdk-amd64/jre/lib/charsets.jar
7fc67c047000-7fc67c055000 r--s 000ea000 08:06 5375370                    /home/jacintor/.m2/repository/org/lwjgl/lwjgl/lwjgl/2.9.1/lwjgl-2.9.1.jar
7fc67c055000-7fc67c05f000 r--s 00087000 08:06 4722906                    /home/jacintor/.m2/repository/org/slick2d/slick2d-core/1.0.1/slick2d-core-1.0.1.jar
7fc67c05f000-7fc67cf5b000 rw-p 00000000 00:00 0 
7fc67cf5b000-7fc67d10d000 r--s 01d23000 08:02 679520                     /usr/lib/jvm/java-7-openjdk-amd64/jre/lib/rt.jar
7fc67d10d000-7fc67d43b000 rw-p 00000000 00:00 0 
7fc67d43b000-7fc67d43c000 ---p 00000000 00:00 0 
7fc67d43c000-7fc67d53c000 rw-p 00000000 00:00 0                          [stack:22304]
7fc67d53c000-7fc67d53d000 ---p 00000000 00:00 0 
7fc67d53d000-7fc67d63d000 rw-p 00000000 00:00 0                          [stack:22303]
7fc67d63d000-7fc67d63e000 ---p 00000000 00:00 0 
7fc67d63e000-7fc67d73e000 rw-p 00000000 00:00 0                          [stack:22302]
7fc67d73e000-7fc67d73f000 ---p 00000000 00:00 0 
7fc67d73f000-7fc67d84a000 rw-p 00000000 00:00 0                          [stack:22301]
7fc67d84a000-7fc67d892000 rw-p 00000000 00:00 0 
7fc67d892000-7fc67d8a6000 rw-p 00000000 00:00 0 
7fc67d8a6000-7fc67d9d4000 rw-p 00000000 00:00 0 
7fc67d9d4000-7fc67d9df000 rw-p 00000000 00:00 0 
7fc67d9df000-7fc67da27000 rw-p 00000000 00:00 0 
7fc67da27000-7fc67da3b000 rw-p 00000000 00:00 0 
7fc67da3b000-7fc67db68000 rw-p 00000000 00:00 0 
7fc67db68000-7fc67db73000 rw-p 00000000 00:00 0 
7fc67db73000-7fc67dc09000 rw-p 00000000 00:00 0 
7fc67dc09000-7fc67dc0a000 rw-p 00000000 00:00 0 
7fc67dc0a000-7fc67dc12000 r-xp 00000000 08:02 679575                     /usr/lib/jvm/java-7-openjdk-amd64/jre/lib/amd64/libzip.so
7fc67dc12000-7fc67de11000 ---p 00008000 08:02 679575                     /usr/lib/jvm/java-7-openjdk-amd64/jre/lib/amd64/libzip.so
7fc67de11000-7fc67de12000 r--p 00007000 08:02 679575                     /usr/lib/jvm/java-7-openjdk-amd64/jre/lib/amd64/libzip.so
7fc67de12000-7fc67de13000 rw-p 00008000 08:02 679575                     /usr/lib/jvm/java-7-openjdk-amd64/jre/lib/amd64/libzip.so
7fc67de13000-7fc67de1e000 r-xp 00000000 08:02 1074011                    /lib/x86_64-linux-gnu/libnss_files-2.19.so
7fc67de1e000-7fc67e01d000 ---p 0000b000 08:02 1074011                    /lib/x86_64-linux-gnu/libnss_files-2.19.so
7fc67e01d000-7fc67e01e000 r--p 0000a000 08:02 1074011                    /lib/x86_64-linux-gnu/libnss_files-2.19.so
7fc67e01e000-7fc67e01f000 rw-p 0000b000 08:02 1074011                    /lib/x86_64-linux-gnu/libnss_files-2.19.so
7fc67e01f000-7fc67e02a000 r-xp 00000000 08:02 1074007                    /lib/x86_64-linux-gnu/libnss_nis-2.19.so
7fc67e02a000-7fc67e229000 ---p 0000b000 08:02 1074007                    /lib/x86_64-linux-gnu/libnss_nis-2.19.so
7fc67e229000-7fc67e22a000 r--p 0000a000 08:02 1074007                    /lib/x86_64-linux-gnu/libnss_nis-2.19.so
7fc67e22a000-7fc67e22b000 rw-p 0000b000 08:02 1074007                    /lib/x86_64-linux-gnu/libnss_nis-2.19.so
7fc67e22b000-7fc67e242000 r-xp 00000000 08:02 1073995                    /lib/x86_64-linux-gnu/libnsl-2.19.so
7fc67e242000-7fc67e441000 ---p 00017000 08:02 1073995                    /lib/x86_64-linux-gnu/libnsl-2.19.so
7fc67e441000-7fc67e442000 r--p 00016000 08:02 1073995                    /lib/x86_64-linux-gnu/libnsl-2.19.so
7fc67e442000-7fc67e443000 rw-p 00017000 08:02 1073995                    /lib/x86_64-linux-gnu/libnsl-2.19.so
7fc67e443000-7fc67e445000 rw-p 00000000 00:00 0 
7fc67e445000-7fc67e44e000 r-xp 00000000 08:02 1073989                    /lib/x86_64-linux-gnu/libnss_compat-2.19.so
7fc67e44e000-7fc67e64d000 ---p 00009000 08:02 1073989                    /lib/x86_64-linux-gnu/libnss_compat-2.19.so
7fc67e64d000-7fc67e64e000 r--p 00008000 08:02 1073989                    /lib/x86_64-linux-gnu/libnss_compat-2.19.so
7fc67e64e000-7fc67e64f000 rw-p 00009000 08:02 1073989                    /lib/x86_64-linux-gnu/libnss_compat-2.19.so
7fc67e64f000-7fc67e67a000 r-xp 00000000 08:02 679560                     /usr/lib/jvm/java-7-openjdk-amd64/jre/lib/amd64/libjava.so
7fc67e67a000-7fc67e87a000 ---p 0002b000 08:02 679560                     /usr/lib/jvm/java-7-openjdk-amd64/jre/lib/amd64/libjava.so
7fc67e87a000-7fc67e87b000 r--p 0002b000 08:02 679560                     /usr/lib/jvm/java-7-openjdk-amd64/jre/lib/amd64/libjava.so
7fc67e87b000-7fc67e87d000 rw-p 0002c000 08:02 679560                     /usr/lib/jvm/java-7-openjdk-amd64/jre/lib/amd64/libjava.so
7fc67e87d000-7fc67e88d000 r-xp 00000000 08:02 679559                     /usr/lib/jvm/java-7-openjdk-amd64/jre/lib/amd64/libverify.so
7fc67e88d000-7fc67ea8c000 ---p 00010000 08:02 679559                     /usr/lib/jvm/java-7-openjdk-amd64/jre/lib/amd64/libverify.so
7fc67ea8c000-7fc67ea8e000 r--p 0000f000 08:02 679559                     /usr/lib/jvm/java-7-openjdk-amd64/jre/lib/amd64/libverify.so
7fc67ea8e000-7fc67ea8f000 rw-p 00011000 08:02 679559                     /usr/lib/jvm/java-7-openjdk-amd64/jre/lib/amd64/libverify.so
7fc67ea8f000-7fc67ea96000 r-xp 00000000 08:02 1053023                    /lib/x86_64-linux-gnu/librt-2.19.so
7fc67ea96000-7fc67ec95000 ---p 00007000 08:02 1053023                    /lib/x86_64-linux-gnu/librt-2.19.so
7fc67ec95000-7fc67ec96000 r--p 00006000 08:02 1053023                    /lib/x86_64-linux-gnu/librt-2.19.so
7fc67ec96000-7fc67ec97000 rw-p 00007000 08:02 1053023                    /lib/x86_64-linux-gnu/librt-2.19.so
7fc67ec97000-7fc67ecad000 r-xp 00000000 08:02 1046546                    /lib/x86_64-linux-gnu/libgcc_s.so.1
7fc67ecad000-7fc67eeac000 ---p 00016000 08:02 1046546                    /lib/x86_64-linux-gnu/libgcc_s.so.1
7fc67eeac000-7fc67eead000 rw-p 00015000 08:02 1046546                    /lib/x86_64-linux-gnu/libgcc_s.so.1
7fc67eead000-7fc67efb2000 r-xp 00000000 08:02 1073993                    /lib/x86_64-linux-gnu/libm-2.19.so
7fc67efb2000-7fc67f1b1000 ---p 00105000 08:02 1073993                    /lib/x86_64-linux-gnu/libm-2.19.so
7fc67f1b1000-7fc67f1b2000 r--p 00104000 08:02 1073993                    /lib/x86_64-linux-gnu/libm-2.19.so
7fc67f1b2000-7fc67f1b3000 rw-p 00105000 08:02 1073993                    /lib/x86_64-linux-gnu/libm-2.19.so
7fc67f1b3000-7fc67f299000 r-xp 00000000 08:02 659133                     /usr/lib/x86_64-linux-gnu/libstdc++.so.6.0.19
7fc67f299000-7fc67f498000 ---p 000e6000 08:02 659133                     /usr/lib/x86_64-linux-gnu/libstdc++.so.6.0.19
7fc67f498000-7fc67f4a0000 r--p 000e5000 08:02 659133                     /usr/lib/x86_64-linux-gnu/libstdc++.so.6.0.19
7fc67f4a0000-7fc67f4a2000 rw-p 000ed000 08:02 659133                     /usr/lib/x86_64-linux-gnu/libstdc++.so.6.0.19
7fc67f4a2000-7fc67f4b7000 rw-p 00000000 00:00 0 
7fc67f4b7000-7fc67ffcf000 r-xp 00000000 08:02 679564                     /usr/lib/jvm/java-7-openjdk-amd64/jre/lib/amd64/server/libjvm.so
7fc67ffcf000-7fc6801cf000 ---p 00b18000 08:02 679564                     /usr/lib/jvm/java-7-openjdk-amd64/jre/lib/amd64/server/libjvm.so
7fc6801cf000-7fc680269000 r--p 00b18000 08:02 679564                     /usr/lib/jvm/java-7-openjdk-amd64/jre/lib/amd64/server/libjvm.so
7fc680269000-7fc68028c000 rw-p 00bb2000 08:02 679564                     /usr/lib/jvm/java-7-openjdk-amd64/jre/lib/amd64/server/libjvm.so
7fc68028c000-7fc6802ba000 rw-p 00000000 00:00 0 
7fc6802ba000-7fc6802d2000 r-xp 00000000 08:02 1046774                    /lib/x86_64-linux-gnu/libz.so.1.2.8
7fc6802d2000-7fc6804d1000 ---p 00018000 08:02 1046774                    /lib/x86_64-linux-gnu/libz.so.1.2.8
7fc6804d1000-7fc6804d2000 r--p 00017000 08:02 1046774                    /lib/x86_64-linux-gnu/libz.so.1.2.8
7fc6804d2000-7fc6804d3000 rw-p 00018000 08:02 1046774                    /lib/x86_64-linux-gnu/libz.so.1.2.8
7fc6804d3000-7fc6804ec000 r-xp 00000000 08:02 1074010                    /lib/x86_64-linux-gnu/libpthread-2.19.so
7fc6804ec000-7fc6806eb000 ---p 00019000 08:02 1074010                    /lib/x86_64-linux-gnu/libpthread-2.19.so
7fc6806eb000-7fc6806ec000 r--p 00018000 08:02 1074010                    /lib/x86_64-linux-gnu/libpthread-2.19.so
7fc6806ec000-7fc6806ed000 rw-p 00019000 08:02 1074010                    /lib/x86_64-linux-gnu/libpthread-2.19.so
7fc6806ed000-7fc6806f1000 rw-p 00000000 00:00 0 
7fc6806f1000-7fc6806f4000 r-xp 00000000 08:02 1073985                    /lib/x86_64-linux-gnu/libdl-2.19.so
7fc6806f4000-7fc6808f3000 ---p 00003000 08:02 1073985                    /lib/x86_64-linux-gnu/libdl-2.19.so
7fc6808f3000-7fc6808f4000 r--p 00002000 08:02 1073985                    /lib/x86_64-linux-gnu/libdl-2.19.so
7fc6808f4000-7fc6808f5000 rw-p 00003000 08:02 1073985                    /lib/x86_64-linux-gnu/libdl-2.19.so
7fc6808f5000-7fc680ab0000 r-xp 00000000 08:02 1053020                    /lib/x86_64-linux-gnu/libc-2.19.so
7fc680ab0000-7fc680cb0000 ---p 001bb000 08:02 1053020                    /lib/x86_64-linux-gnu/libc-2.19.so
7fc680cb0000-7fc680cb4000 r--p 001bb000 08:02 1053020                    /lib/x86_64-linux-gnu/libc-2.19.so
7fc680cb4000-7fc680cb6000 rw-p 001bf000 08:02 1053020                    /lib/x86_64-linux-gnu/libc-2.19.so
7fc680cb6000-7fc680cbb000 rw-p 00000000 00:00 0 
7fc680cbb000-7fc680cc8000 r-xp 00000000 08:02 679543                     /usr/lib/jvm/java-7-openjdk-amd64/jre/lib/amd64/jli/libjli.so
7fc680cc8000-7fc680ec7000 ---p 0000d000 08:02 679543                     /usr/lib/jvm/java-7-openjdk-amd64/jre/lib/amd64/jli/libjli.so
7fc680ec7000-7fc680ec8000 r--p 0000c000 08:02 679543                     /usr/lib/jvm/java-7-openjdk-amd64/jre/lib/amd64/jli/libjli.so
7fc680ec8000-7fc680ec9000 rw-p 0000d000 08:02 679543                     /usr/lib/jvm/java-7-openjdk-amd64/jre/lib/amd64/jli/libjli.so
7fc680ec9000-7fc680eec000 r-xp 00000000 08:02 1053015                    /lib/x86_64-linux-gnu/ld-2.19.so
7fc680eec000-7fc680eed000 r--s 00080000 08:06 264223                     /home/jacintor/.m2/repository/org/lwjgl/lwjgl/lwjgl-platform/2.9.1/lwjgl-platform-2.9.1-natives-osx.jar
7fc680eed000-7fc680eee000 r--s 0008b000 08:06 264222                     /home/jacintor/.m2/repository/org/lwjgl/lwjgl/lwjgl-platform/2.9.1/lwjgl-platform-2.9.1-natives-linux.jar
7fc680eee000-7fc680ef0000 r--s 00006000 08:02 1730203                    /usr/share/java/java-atk-wrapper.jar
7fc680ef0000-7fc680ef4000 r--s 0003c000 08:02 679524                     /usr/lib/jvm/java-7-openjdk-amd64/jre/lib/ext/sunpkcs11.jar
7fc680ef4000-7fc680f15000 rw-p 00000000 00:00 0 
7fc680f15000-7fc680fcb000 rw-p 00000000 00:00 0 
7fc680fcb000-7fc680fce000 ---p 00000000 00:00 0 
7fc680fce000-7fc6810d1000 rw-p 00000000 00:00 0                          [stack:22300]
7fc6810d1000-7fc6810d2000 r--s 00095000 08:06 264221                     /home/jacintor/.m2/repository/org/lwjgl/lwjgl/lwjgl-platform/2.9.1/lwjgl-platform-2.9.1-natives-windows.jar
7fc6810d2000-7fc6810d4000 r--s 00012000 08:02 679526                     /usr/lib/jvm/java-7-openjdk-amd64/jre/lib/ext/zipfs.jar
7fc6810d4000-7fc6810d8000 r--s 00034000 08:02 679525                     /usr/lib/jvm/java-7-openjdk-amd64/jre/lib/ext/sunjce_provider.jar
7fc6810d8000-7fc6810d9000 r--s 00002000 08:02 679527                     /usr/lib/jvm/java-7-openjdk-amd64/jre/lib/ext/dnsns.jar
7fc6810d9000-7fc6810dc000 r--s 00086000 08:02 679528                     /usr/lib/jvm/java-7-openjdk-amd64/jre/lib/ext/localedata.jar
7fc6810dc000-7fc6810df000 r--s 0000f000 08:02 679523                     /usr/lib/jvm/java-7-openjdk-amd64/jre/lib/ext/icedtea-sound.jar
7fc6810df000-7fc6810e7000 rw-s 00000000 08:02 1602353                    /tmp/hsperfdata_jacintor/22296
7fc6810e7000-7fc6810e8000 rw-p 00000000 00:00 0 
7fc6810e8000-7fc6810e9000 r--p 00000000 00:00 0 
7fc6810e9000-7fc6810eb000 rw-p 00000000 00:00 0 
7fc6810eb000-7fc6810ec000 r--p 00022000 08:02 1053015                    /lib/x86_64-linux-gnu/ld-2.19.so
7fc6810ec000-7fc6810ed000 rw-p 00023000 08:02 1053015                    /lib/x86_64-linux-gnu/ld-2.19.so
7fc6810ed000-7fc6810ee000 rw-p 00000000 00:00 0 
7fffc3723000-7fffc3744000 rw-p 00000000 00:00 0                          [stack]
7fffc3791000-7fffc3793000 r-xp 00000000 00:00 0                          [vdso]
ffffffffff600000-ffffffffff601000 r-xp 00000000 00:00 0                  [vsyscall]

VM Arguments:
jvm_args: -Djava.library.path=target/natives 
java_command: com.jackrl.bomberguygame.game.Game
Launcher Type: SUN_STANDARD

Environment Variables:
JAVA_HOME=/usr/lib/jvm/default-java
PATH=/usr/local/sbin:/usr/local/bin:/usr/sbin:/usr/bin:/sbin:/bin:/usr/games:/usr/local/games
LD_LIBRARY_PATH=/usr/lib/jvm/default-java/jre/lib/amd64:/usr/lib/jvm/default-java/jre/lib/i386:
SHELL=/bin/bash
DISPLAY=:0

Signal Handlers:
SIGSEGV: [libjvm.so+0x94b4b0], sa_mask[0]=0x7ffbfeff, sa_flags=0x10000004
SIGBUS: [libjvm.so+0x94b4b0], sa_mask[0]=0x7ffbfeff, sa_flags=0x10000004
SIGFPE: [libjvm.so+0x7c3390], sa_mask[0]=0x7ffbfeff, sa_flags=0x10000004
SIGPIPE: [libjvm.so+0x7c3390], sa_mask[0]=0x7ffbfeff, sa_flags=0x10000004
SIGXFSZ: [libjvm.so+0x7c3390], sa_mask[0]=0x7ffbfeff, sa_flags=0x10000004
SIGILL: [libjvm.so+0x7c3390], sa_mask[0]=0x7ffbfeff, sa_flags=0x10000004
SIGUSR1: SIG_DFL, sa_mask[0]=0x00000000, sa_flags=0x00000000
SIGUSR2: [libjvm.so+0x7c3230], sa_mask[0]=0x00000004, sa_flags=0x10000004
SIGHUP: [libjvm.so+0x7c3410], sa_mask[0]=0x7ffbfeff, sa_flags=0x10000004
SIGINT: SIG_IGN, sa_mask[0]=0x00000000, sa_flags=0x00000000
SIGTERM: [libjvm.so+0x7c3410], sa_mask[0]=0x7ffbfeff, sa_flags=0x10000004
SIGQUIT: [libjvm.so+0x7c3410], sa_mask[0]=0x7ffbfeff, sa_flags=0x10000004
SIGTRAP: SIG_DFL, sa_mask[0]=0x00000000, sa_flags=0x00000000


---------------  S Y S T E M  ---------------

OS:Ubuntu 14.04 (trusty)
uname:Linux 3.13.0-44-generic #73-Ubuntu SMP Tue Dec 16 00:22:43 UTC 2014 x86_64
libc:glibc 2.19 NPTL 2.19 
rlimit: STACK 8192k, CORE 0k, NPROC 30632, NOFILE 4096, AS infinity
load average:3.22 2.00 1.38

/proc/meminfo:
MemTotal:        3942660 kB
MemFree:          146712 kB
Buffers:          186456 kB
Cached:          1445892 kB
SwapCached:           28 kB
Active:          2133036 kB
Inactive:        1361108 kB
Active(anon):    1691964 kB
Inactive(anon):   920484 kB
Active(file):     441072 kB
Inactive(file):   440624 kB
Unevictable:          32 kB
Mlocked:              32 kB
SwapTotal:       4999164 kB
SwapFree:        4998972 kB
Dirty:              1140 kB
Writeback:             0 kB
AnonPages:       1861856 kB
Mapped:           560996 kB
Shmem:            750504 kB
Slab:             198832 kB
SReclaimable:     165064 kB
SUnreclaim:        33768 kB
KernelStack:        4424 kB
PageTables:        35356 kB
NFS_Unstable:          0 kB
Bounce:                0 kB
WritebackTmp:          0 kB
CommitLimit:     6970492 kB
Committed_AS:    6013624 kB
VmallocTotal:   34359738367 kB
VmallocUsed:      556432 kB
VmallocChunk:   34359140000 kB
HardwareCorrupted:     0 kB
AnonHugePages:    813056 kB
HugePages_Total:       0
HugePages_Free:        0
HugePages_Rsvd:        0
HugePages_Surp:        0
Hugepagesize:       2048 kB
DirectMap4k:       97792 kB
DirectMap2M:     3991552 kB
DirectMap1G:           0 kB


CPU:total 4 (2 cores per cpu, 2 threads per core) family 6 model 69 stepping 1, cmov, cx8, fxsr, mmx, sse, sse2, sse3, ssse3, sse4.1, sse4.2, popcnt, avx, avx2, aes, erms, ht, tsc, tscinvbit

/proc/cpuinfo:
processor	: 0
vendor_id	: GenuineIntel
cpu family	: 6
model		: 69
model name	: Intel(R) Core(TM) i5-4210U CPU @ 1.70GHz
stepping	: 1
microcode	: 0x1c
cpu MHz		: 2401.000
cache size	: 3072 KB
physical id	: 0
siblings	: 4
core id		: 0
cpu cores	: 2
apicid		: 0
initial apicid	: 0
fpu		: yes
fpu_exception	: yes
cpuid level	: 13
wp		: yes
flags		: fpu vme de pse tsc msr pae mce cx8 apic sep mtrr pge mca cmov pat pse36 clflush dts acpi mmx fxsr sse sse2 ss ht tm pbe syscall nx pdpe1gb rdtscp lm constant_tsc arch_perfmon pebs bts rep_good nopl xtopology nonstop_tsc aperfmperf eagerfpu pni pclmulqdq dtes64 monitor ds_cpl vmx est tm2 ssse3 fma cx16 xtpr pdcm pcid sse4_1 sse4_2 movbe popcnt tsc_deadline_timer aes xsave avx f16c rdrand lahf_lm abm ida arat epb xsaveopt pln pts dtherm tpr_shadow vnmi flexpriority ept vpid fsgsbase tsc_adjust bmi1 avx2 smep bmi2 erms invpcid
bogomips	: 4789.03
clflush size	: 64
cache_alignment	: 64
address sizes	: 39 bits physical, 48 bits virtual
power management:

processor	: 1
vendor_id	: GenuineIntel
cpu family	: 6
model		: 69
model name	: Intel(R) Core(TM) i5-4210U CPU @ 1.70GHz
stepping	: 1
microcode	: 0x1c
cpu MHz		: 2401.000
cache size	: 3072 KB
physical id	: 0
siblings	: 4
core id		: 0
cpu cores	: 2
apicid		: 1
initial apicid	: 1
fpu		: yes
fpu_exception	: yes
cpuid level	: 13
wp		: yes
flags		: fpu vme de pse tsc msr pae mce cx8 apic sep mtrr pge mca cmov pat pse36 clflush dts acpi mmx fxsr sse sse2 ss ht tm pbe syscall nx pdpe1gb rdtscp lm constant_tsc arch_perfmon pebs bts rep_good nopl xtopology nonstop_tsc aperfmperf eagerfpu pni pclmulqdq dtes64 monitor ds_cpl vmx est tm2 ssse3 fma cx16 xtpr pdcm pcid sse4_1 sse4_2 movbe popcnt tsc_deadline_timer aes xsave avx f16c rdrand lahf_lm abm ida arat epb xsaveopt pln pts dtherm tpr_shadow vnmi flexpriority ept vpid fsgsbase tsc_adjust bmi1 avx2 smep bmi2 erms invpcid
bogomips	: 4789.03
clflush size	: 64
cache_alignment	: 64
address sizes	: 39 bits physical, 48 bits virtual
power management:

processor	: 2
vendor_id	: GenuineIntel
cpu family	: 6
model		: 69
model name	: Intel(R) Core(TM) i5-4210U CPU @ 1.70GHz
stepping	: 1
microcode	: 0x1c
cpu MHz		: 2401.000
cache size	: 3072 KB
physical id	: 0
siblings	: 4
core id		: 1
cpu cores	: 2
apicid		: 2
initial apicid	: 2
fpu		: yes
fpu_exception	: yes
cpuid level	: 13
wp		: yes
flags		: fpu vme de pse tsc msr pae mce cx8 apic sep mtrr pge mca cmov pat pse36 clflush dts acpi mmx fxsr sse sse2 ss ht tm pbe syscall nx pdpe1gb rdtscp lm constant_tsc arch_perfmon pebs bts rep_good nopl xtopology nonstop_tsc aperfmperf eagerfpu pni pclmulqdq dtes64 monitor ds_cpl vmx est tm2 ssse3 fma cx16 xtpr pdcm pcid sse4_1 sse4_2 movbe popcnt tsc_deadline_timer aes xsave avx f16c rdrand lahf_lm abm ida arat epb xsaveopt pln pts dtherm tpr_shadow vnmi flexpriority ept vpid fsgsbase tsc_adjust bmi1 avx2 smep bmi2 erms invpcid
bogomips	: 4789.03
clflush size	: 64
cache_alignment	: 64
address sizes	: 39 bits physical, 48 bits virtual
power management:

processor	: 3
vendor_id	: GenuineIntel
cpu family	: 6
model		: 69
model name	: Intel(R) Core(TM) i5-4210U CPU @ 1.70GHz
stepping	: 1
microcode	: 0x1c
cpu MHz		: 2401.000
cache size	: 3072 KB
physical id	: 0
siblings	: 4
core id		: 1
cpu cores	: 2
apicid		: 3
initial apicid	: 3
fpu		: yes
fpu_exception	: yes
cpuid level	: 13
wp		: yes
flags		: fpu vme de pse tsc msr pae mce cx8 apic sep mtrr pge mca cmov pat pse36 clflush dts acpi mmx fxsr sse sse2 ss ht tm pbe syscall nx pdpe1gb rdtscp lm constant_tsc arch_perfmon pebs bts rep_good nopl xtopology nonstop_tsc aperfmperf eagerfpu pni pclmulqdq dtes64 monitor ds_cpl vmx est tm2 ssse3 fma cx16 xtpr pdcm pcid sse4_1 sse4_2 movbe popcnt tsc_deadline_timer aes xsave avx f16c rdrand lahf_lm abm ida arat epb xsaveopt pln pts dtherm tpr_shadow vnmi flexpriority ept vpid fsgsbase tsc_adjust bmi1 avx2 smep bmi2 erms invpcid
bogomips	: 4789.03
clflush size	: 64
cache_alignment	: 64
address sizes	: 39 bits physical, 48 bits virtual
power management:



Memory: 4k page, physical 3942660k(146712k free), swap 4999164k(4998972k free)

vm_info: OpenJDK 64-Bit Server VM (24.75-b04) for linux-amd64 JRE (1.7.0_75-b13), built on Jan 27 2015 00:38:59 by "buildd" with gcc 4.8.2

time: Thu Feb  5 19:26:42 2015
elapsed time: 248 seconds

